<?xml version="1.0" encoding="UTF-8"?>
<!-- Generated by org.testng.reporters.JUnitXMLReporter -->
<testsuite hostname="vasu-PC" name="Regression" tests="7" failures="0" timestamp="26 Jul 2018 04:46:47 GMT" time="18.882" errors="0">
  <testcase name="method1" time="0.016" classname="com.vasu.testng.AnnotationsTest"/>
  <testcase name="method2" time="0.001" classname="com.vasu.testng.AnnotationsTest"/>
  <testcase name="appClose" time="0.002" classname="com.vasu.testng.MultipleTestCases"/>
  <testcase name="appLaunch" time="0.001" classname="com.vasu.testng.MultipleTestCases"/>
  <testcase name="appLogin" time="0.003" classname="com.vasu.testng.MultipleTestCases"/>
  <testcase name="first" time="0.001" classname="com.vasu.testng.FirstTestNgTest"/>
  <testcase name="mouse" time="1.704" classname="com.vasu.testng.BeforeTestAftertest"/>
</testsuite> <!-- Regression -->
