<?xml version="1.0" encoding="UTF-8"?>
<testng-results skipped="0" failed="0" total="2" passed="2">
  <reporter-output>
  </reporter-output>
  <suite name="SuiteLevel" duration-ms="3662" started-at="2018-07-27T04:25:56Z" finished-at="2018-07-27T04:25:59Z">
    <groups>
    </groups>
    <test name="NewToursTest" duration-ms="3662" started-at="2018-07-27T04:25:56Z" finished-at="2018-07-27T04:25:59Z">
      <class name="com.vasu.testng.FlightBooking">
        <test-method status="PASS" signature="appLaunch()[pri:0, instance:com.vasu.testng.FlightBooking@7f9a81e8]" name="appLaunch" is-config="true" duration-ms="9441" started-at="2018-07-27T09:55:46Z" finished-at="2018-07-27T09:55:56Z">
          <reporter-output>
          </reporter-output>
        </test-method> <!-- appLaunch -->
        <test-method status="PASS" signature="appLogin()[pri:0, instance:com.vasu.testng.FlightBooking@7f9a81e8]" name="appLogin" is-config="true" duration-ms="3350" started-at="2018-07-27T09:55:56Z" finished-at="2018-07-27T09:55:59Z">
          <reporter-output>
          </reporter-output>
        </test-method> <!-- appLogin -->
        <test-method status="PASS" signature="book()[pri:0, instance:com.vasu.testng.FlightBooking@7f9a81e8]" name="book" duration-ms="6" started-at="2018-07-27T09:55:59Z" finished-at="2018-07-27T09:55:59Z">
          <reporter-output>
          </reporter-output>
        </test-method> <!-- book -->
        <test-method status="PASS" signature="appLogout()[pri:0, instance:com.vasu.testng.FlightBooking@7f9a81e8]" name="appLogout" is-config="true" duration-ms="273" started-at="2018-07-27T09:55:59Z" finished-at="2018-07-27T09:55:59Z">
          <reporter-output>
          </reporter-output>
        </test-method> <!-- appLogout -->
        <test-method status="PASS" signature="appClose()[pri:0, instance:com.vasu.testng.FlightBooking@7f9a81e8]" name="appClose" is-config="true" duration-ms="1139" started-at="2018-07-27T09:55:59Z" finished-at="2018-07-27T09:56:00Z">
          <reporter-output>
          </reporter-output>
        </test-method> <!-- appClose -->
      </class> <!-- com.vasu.testng.FlightBooking -->
      <class name="com.vasu.testng.TicketCancellation">
        <test-method status="PASS" signature="cancel()[pri:0, instance:com.vasu.testng.TicketCancellation@9629756]" name="cancel" duration-ms="2" started-at="2018-07-27T09:55:59Z" finished-at="2018-07-27T09:55:59Z">
          <reporter-output>
          </reporter-output>
        </test-method> <!-- cancel -->
      </class> <!-- com.vasu.testng.TicketCancellation -->
    </test> <!-- NewToursTest -->
  </suite> <!-- SuiteLevel -->
</testng-results>
